<?xml version="1.0" encoding="UTF-8"?>
<!-- Generated by org.testng.reporters.JUnitReportReporter -->
<testsuite skipped="0" hostname="DESKTOP-G34OMLC" name="org.example.Runners.TestRunners" tests="12" failures="0" timestamp="2022-06-10T20:43:02 EET" time="414.499" errors="0">
  <testcase name="runScenario" time="29.630" classname="org.example.Runners.TestRunners"/>
  <system-out/>
  <testcase name="runScenario" time="26.950" classname="org.example.Runners.TestRunners"/>
  <system-out/>
  <testcase name="runScenario" time="29.909" classname="org.example.Runners.TestRunners"/>
  <system-out/>
  <testcase name="runScenario" time="27.462" classname="org.example.Runners.TestRunners"/>
  <system-out/>
  <testcase name="runScenario" time="21.084" classname="org.example.Runners.TestRunners"/>
  <system-out/>
  <testcase name="runScenario" time="51.244" classname="org.example.Runners.TestRunners"/>
  <system-out/>
  <testcase name="runScenario" time="31.756" classname="org.example.Runners.TestRunners"/>
  <system-out/>
  <testcase name="runScenario" time="33.893" classname="org.example.Runners.TestRunners"/>
  <system-out/>
  <testcase name="runScenario" time="30.385" classname="org.example.Runners.TestRunners"/>
  <system-out/>
  <testcase name="runScenario" time="36.741" classname="org.example.Runners.TestRunners"/>
  <system-out/>
  <testcase name="runScenario" time="65.648" classname="org.example.Runners.TestRunners"/>
  <system-out/>
  <testcase name="runScenario" time="29.797" classname="org.example.Runners.TestRunners"/>
  <system-out/>
</testsuite> <!-- org.example.Runners.TestRunners -->
